<?xml version="1.0" encoding="UTF-8"?>
<!-- Generated by org.testng.reporters.JUnitReportReporter -->
<testsuite hostname="DESKTOP-R0LQ317" failures="0" tests="2" name="ExtentReports.ExtendReportDemoWebShop" time="40.533" errors="0" timestamp="2024-07-30T00:13:47 IST" skipped="0">
  <testcase classname="ExtentReports.ExtendReportDemoWebShop" name="GiftCard" time="21.596">
    <system-out>
      <![CDATA[GiftCardis executed
Gifts are Available for u]]>
    </system-out>
  </testcase> <!-- GiftCard -->
  <testcase classname="ExtentReports.ExtendReportDemoWebShop" name="DigitalDownload" time="18.937">
    <system-out>
      <![CDATA[DigitalDownloadis executed
Welecome to DigitalDownlode]]>
    </system-out>
  </testcase> <!-- DigitalDownload -->
  <system-out>
    <![CDATA[DigitalDownloadis executed
Welecome to DigitalDownlode
GiftCardis executed
Gifts are Available for u]]>
  </system-out>
</testsuite> <!-- ExtentReports.ExtendReportDemoWebShop -->
