<?xml version="1.0" encoding="UTF-8"?>
<!-- Generated by org.testng.reporters.JUnitReportReporter -->
<testsuite hostname="DESKTOP-R0LQ317" failures="0" tests="1" name="PageObjectModel.Dwshompage_main" time="9.637" errors="0" timestamp="2024-07-18T10:11:21 IST" skipped="0">
  <testcase classname="PageObjectModel.Dwshompage_main" name="main" time="9.637"/>
</testsuite> <!-- PageObjectModel.Dwshompage_main -->
