<?xml version="1.0" encoding="UTF-8"?>
<!-- Generated by org.testng.reporters.JUnitReportReporter -->
<testsuite hostname="DESKTOP-R0LQ317" failures="0" tests="1" name="BaseMevaen.Demo" time="0.027" errors="0" timestamp="2024-07-16T11:56:45 IST" skipped="0">
  <testcase classname="BaseMevaen.Demo" name="demo" time="0.027"/>
</testsuite> <!-- BaseMevaen.Demo -->
