<?xml version="1.0" encoding="UTF-8"?>
<!-- Generated by org.testng.reporters.JUnitReportReporter -->
<testsuite hostname="DESKTOP-R0LQ317" failures="0" tests="1" name="PageObjectModel.Task2_LoginDwsMain" time="15.625" errors="0" timestamp="2024-07-19T00:03:11 IST" skipped="0">
  <testcase classname="PageObjectModel.Task2_LoginDwsMain" name="demo" time="15.625"/>
</testsuite> <!-- PageObjectModel.Task2_LoginDwsMain -->
