<?xml version="1.0" encoding="UTF-8"?>
<!-- Generated by org.testng.reporters.JUnitReportReporter -->
<testsuite hostname="DESKTOP-R0LQ317" failures="0" tests="1" name="PageObjectModel.Loginfunction" time="25.316" errors="0" timestamp="2024-07-17T22:28:47 IST" skipped="0">
  <testcase classname="PageObjectModel.Loginfunction" name="Login" time="25.316"/>
</testsuite> <!-- PageObjectModel.Loginfunction -->
