<?xml version="1.0" encoding="UTF-8"?>
<!-- Generated by org.testng.reporters.JUnitReportReporter -->
<testsuite hostname="DESKTOP-R0LQ317" failures="0" tests="5" name="ExtentReports.FooterDws" time="63.675" errors="0" timestamp="2024-07-30T14:20:33 IST" skipped="0">
  <testcase classname="ExtentReports.FooterDws" name="facebook" time="21.275">
    <system-out>
      <![CDATA[facebook is executed
Successfully executed facebook testcase]]>
    </system-out>
  </testcase> <!-- facebook -->
  <testcase classname="ExtentReports.FooterDws" name="rssLink" time="8.039">
    <system-out>
      <![CDATA[rssLink is executed
Failed rssLink testcase]]>
    </system-out>
  </testcase> <!-- rssLink -->
  <testcase classname="ExtentReports.FooterDws" name="twitter" time="12.921">
    <system-out>
      <![CDATA[twitter is executed
Taking time to load twiiter]]>
    </system-out>
  </testcase> <!-- twitter -->
  <testcase classname="ExtentReports.FooterDws" name="gifts" time="16.914">
    <system-out>
      <![CDATA[gifts is executed
gifts has delivered]]>
    </system-out>
  </testcase> <!-- gifts -->
  <testcase classname="ExtentReports.FooterDws" name="digitalDownload" time="4.526">
    <system-out>
      <![CDATA[digitalDownload is executed]]>
    </system-out>
  </testcase> <!-- digitalDownload -->
  <system-out>
    <![CDATA[digitalDownload is executed
facebook is executed
Successfully executed facebook testcase
gifts is executed
gifts has delivered
rssLink is executed
Failed rssLink testcase
twitter is executed
Taking time to load twiiter]]>
  </system-out>
</testsuite> <!-- ExtentReports.FooterDws -->
