<?xml version="1.0" encoding="UTF-8"?>
<!-- Generated by org.testng.reporters.JUnitReportReporter -->
<testsuite hostname="DESKTOP-R0LQ317" failures="0" tests="1" name="ExtentReports.SmapleReport" time="1.287" errors="0" timestamp="2024-07-29T11:31:48 IST" skipped="0">
  <testcase classname="ExtentReports.SmapleReport" name="BasicReport" time="1.287"/>
</testsuite> <!-- ExtentReports.SmapleReport -->
