<?xml version="1.0" encoding="UTF-8"?>
<!-- Generated by org.testng.reporters.JUnitReportReporter -->
<testsuite hostname="DESKTOP-R0LQ317" failures="0" tests="1" name="Assertion.Hard_Assert" time="18.535" errors="0" timestamp="2024-07-16T12:08:08 IST" skipped="0">
  <testcase classname="Assertion.Hard_Assert" name="main" time="18.535"/>
</testsuite> <!-- Assertion.Hard_Assert -->
