<?xml version="1.0" encoding="UTF-8"?>
<!-- Generated by org.testng.reporters.JUnitReportReporter -->
<testsuite hostname="DESKTOP-R0LQ317" failures="0" tests="1" name="PageObjectModel.Digital_Gift_card_main" time="20.387" errors="0" timestamp="2024-07-18T10:02:07 IST" skipped="0">
  <testcase classname="PageObjectModel.Digital_Gift_card_main" name="login" time="20.387"/>
</testsuite> <!-- PageObjectModel.Digital_Gift_card_main -->
