<?xml version="1.0" encoding="UTF-8"?>
<!-- Generated by org.testng.reporters.JUnitReportReporter -->
<testsuite hostname="DESKTOP-R0LQ317" failures="0" tests="1" name="PageObjectModel.Task1_RegDwsMain" time="10.968" errors="0" timestamp="2024-07-18T23:49:17 IST" skipped="0">
  <testcase classname="PageObjectModel.Task1_RegDwsMain" name="main" time="10.968"/>
</testsuite> <!-- PageObjectModel.Task1_RegDwsMain -->
