<?xml version="1.0" encoding="UTF-8"?>
<!-- Generated by org.testng.reporters.JUnitReportReporter -->
<testsuite hostname="DESKTOP-R0LQ317" failures="0" tests="1" name="Assertion.Working_with_ReportClass" time="9.383" errors="0" timestamp="2024-07-16T13:38:03 IST" skipped="0">
  <testcase classname="Assertion.Working_with_ReportClass" name="main" time="9.383">
    <system-out>
      <![CDATA[I'm in dws homepage]]>
    </system-out>
  </testcase> <!-- main -->
  <system-out>
    <![CDATA[I'm in dws homepage]]>
  </system-out>
</testsuite> <!-- Assertion.Working_with_ReportClass -->
