<?xml version="1.0" encoding="UTF-8"?>
<!-- Generated by org.testng.reporters.JUnitReportReporter -->
<testsuite hostname="DESKTOP-R0LQ317" failures="0" tests="1" name="Com.Crm.Listeners1.TestCasebasic" time="14.547" errors="0" timestamp="2024-07-17T14:01:24 IST" skipped="0">
  <testcase classname="Com.Crm.Listeners1.TestCasebasic" name="main2" time="14.547">
    <system-out>
      <![CDATA[main2]]>
    </system-out>
  </testcase> <!-- main2 -->
  <system-out>
    <![CDATA[main2]]>
  </system-out>
</testsuite> <!-- Com.Crm.Listeners1.TestCasebasic -->
