<?xml version="1.0" encoding="UTF-8"?>
<!-- Generated by org.testng.reporters.JUnitReportReporter -->
<testsuite hostname="DESKTOP-R0LQ317" failures="0" tests="1" name="PageObjectModel.DigitalDownlodmain" time="33.165" errors="0" timestamp="2024-07-29T23:19:44 IST" skipped="0">
  <testcase classname="PageObjectModel.DigitalDownlodmain" name="login" time="33.165"/>
</testsuite> <!-- PageObjectModel.DigitalDownlodmain -->
