<?xml version="1.0" encoding="UTF-8"?>
<!-- Generated by org.testng.reporters.JUnitReportReporter -->
<testsuite hostname="DESKTOP-R0LQ317" failures="0" tests="2" name="Listeners1.TestCaseBasic" time="66.941" errors="0" timestamp="2024-07-19T12:05:22 IST" skipped="0">
  <testcase classname="Listeners1.TestCaseBasic" name="main2" time="41.397">
    <system-out>
      <![CDATA[onTestStart
main2
onTestSuccess]]>
    </system-out>
  </testcase> <!-- main2 -->
  <testcase classname="Listeners1.TestCaseBasic" name="main1" time="25.544">
    <system-out>
      <![CDATA[onTestStart
main1
onTestSuccess]]>
    </system-out>
  </testcase> <!-- main1 -->
  <system-out>
    <![CDATA[onStart
onTestStart
main1
onTestSuccess
onTestStart
main2
onTestSuccess]]>
  </system-out>
</testsuite> <!-- Listeners1.TestCaseBasic -->
